0 info it worked if it ends with ok
1 verbose cli [ 'node', '/usr/local/bin/npm', 'install', '-g', 'hexo' ]
2 info using npm@2.7.4
3 info using node@v0.12.2
4 silly cache add args [ 'hexo', null ]
5 verbose cache add spec hexo
6 silly cache add parsed spec { raw: 'hexo',
6 silly cache add   scope: null,
6 silly cache add   name: 'hexo',
6 silly cache add   rawSpec: '',
6 silly cache add   spec: '*',
6 silly cache add   type: 'range' }
7 verbose addNamed hexo@*
8 silly addNamed semver.valid null
9 silly addNamed semver.validRange *
10 silly addNameRange { name: 'hexo', range: '*', hasData: false }
11 silly mapToRegistry name hexo
12 silly mapToRegistry using default registry
13 silly mapToRegistry registry https://registry.npmjs.org/
14 silly mapToRegistry uri https://registry.npmjs.org/hexo
15 verbose addNameRange registry:https://registry.npmjs.org/hexo not in flight; fetching
16 verbose request uri https://registry.npmjs.org/hexo
17 verbose request no auth needed
18 info attempt registry request try #1 at 08:52:50
19 verbose request id 123fb98ca80d2be8
20 http request GET https://registry.npmjs.org/hexo
21 http 200 https://registry.npmjs.org/hexo
22 silly get cb [ 200,
22 silly get   { date: 'Sat, 18 Apr 2015 00:52:52 GMT',
22 silly get     server: 'CouchDB/1.5.0 (Erlang OTP/R16B03)',
22 silly get     etag: '"CFQLP1X2YQB8IVIW77Y8TKKTH"',
22 silly get     'content-type': 'application/json',
22 silly get     'cache-control': 'max-age=60',
22 silly get     'content-length': '149359',
22 silly get     'accept-ranges': 'bytes',
22 silly get     via: '1.1 varnish',
22 silly get     age: '0',
22 silly get     'x-served-by': 'cache-nrt6131-NRT',
22 silly get     'x-cache': 'MISS',
22 silly get     'x-cache-hits': '0',
22 silly get     'x-timer': 'S1429318371.639542,VS0,VE923',
22 silly get     vary: 'Accept',
22 silly get     'keep-alive': 'timeout=10, max=50',
22 silly get     connection: 'Keep-Alive' } ]
23 verbose get saving hexo to /Users/baojiwei/.npm/registry.npmjs.org/hexo/.cache.json
24 verbose getCacheStat cache creation not in flight; initializing
25 silly addNameRange number 2 { name: 'hexo', range: '*', hasData: true }
26 silly addNameRange versions [ 'hexo',
26 silly addNameRange   [ '0.0.1',
26 silly addNameRange     '0.0.2',
26 silly addNameRange     '0.0.3',
26 silly addNameRange     '0.0.4',
26 silly addNameRange     '0.0.5',
26 silly addNameRange     '0.0.6',
26 silly addNameRange     '0.1.0',
26 silly addNameRange     '0.1.1',
26 silly addNameRange     '0.1.2',
26 silly addNameRange     '0.1.3',
26 silly addNameRange     '0.1.4',
26 silly addNameRange     '0.1.5',
26 silly addNameRange     '0.1.6',
26 silly addNameRange     '0.1.7',
26 silly addNameRange     '0.1.8',
26 silly addNameRange     '0.1.9',
26 silly addNameRange     '0.1.10',
26 silly addNameRange     '0.1.11',
26 silly addNameRange     '0.2.0',
26 silly addNameRange     '0.2.1',
26 silly addNameRange     '0.3.0',
26 silly addNameRange     '0.3.1',
26 silly addNameRange     '0.3.2',
26 silly addNameRange     '0.4.0',
26 silly addNameRange     '0.4.1',
26 silly addNameRange     '0.4.2',
26 silly addNameRange     '0.4.3',
26 silly addNameRange     '0.4.4',
26 silly addNameRange     '0.4.5',
26 silly addNameRange     '0.5.0',
26 silly addNameRange     '0.5.1',
26 silly addNameRange     '0.5.2',
26 silly addNameRange     '0.5.3',
26 silly addNameRange     '0.5.4',
26 silly addNameRange     '0.5.5',
26 silly addNameRange     '0.5.6',
26 silly addNameRange     '0.5.7',
26 silly addNameRange     '0.5.8',
26 silly addNameRange     '0.5.9',
26 silly addNameRange     '0.5.10',
26 silly addNameRange     '0.5.11',
26 silly addNameRange     '0.5.12',
26 silly addNameRange     '1.0.0',
26 silly addNameRange     '1.0.1',
26 silly addNameRange     '1.0.2',
26 silly addNameRange     '1.0.3',
26 silly addNameRange     '1.0.4',
26 silly addNameRange     '1.0.5',
26 silly addNameRange     '1.0.6',
26 silly addNameRange     '1.0.7',
26 silly addNameRange     '1.0.8',
26 silly addNameRange     '1.0.9',
26 silly addNameRange     '1.1.0',
26 silly addNameRange     '1.1.1',
26 silly addNameRange     '1.1.2',
26 silly addNameRange     '1.1.3',
26 silly addNameRange     '1.1.4',
26 silly addNameRange     '1.2.0',
26 silly addNameRange     '1.2.1',
26 silly addNameRange     '1.2.2',
26 silly addNameRange     '1.2.3',
26 silly addNameRange     '1.2.4',
26 silly addNameRange     '2.0.0-beta2',
26 silly addNameRange     '2.0.0-rc1',
26 silly addNameRange     '2.0.0-rc2',
26 silly addNameRange     '2.0.0-beta1',
26 silly addNameRange     '2.0.0-rc3',
26 silly addNameRange     '2.0.0',
26 silly addNameRange     '2.0.1',
26 silly addNameRange     '2.0.2',
26 silly addNameRange     '2.0.3',
26 silly addNameRange     '2.0.4',
26 silly addNameRange     '2.0.5',
26 silly addNameRange     '2.0.6',
26 silly addNameRange     '2.0.7',
26 silly addNameRange     '2.1.0',
26 silly addNameRange     '2.1.1',
26 silly addNameRange     '2.2.0',
26 silly addNameRange     '2.2.1',
26 silly addNameRange     '2.3.0',
26 silly addNameRange     '2.4.0',
26 silly addNameRange     '2.4.1',
26 silly addNameRange     '2.4.2',
26 silly addNameRange     '2.4.3',
26 silly addNameRange     '2.4.4',
26 silly addNameRange     '2.4.5',
26 silly addNameRange     '2.5.1',
26 silly addNameRange     '2.5.2',
26 silly addNameRange     '2.5.3',
26 silly addNameRange     '2.5.4',
26 silly addNameRange     '2.5.5',
26 silly addNameRange     '2.5.6',
26 silly addNameRange     '2.5.7',
26 silly addNameRange     '2.6.0',
26 silly addNameRange     '2.6.1',
26 silly addNameRange     '2.6.2',
26 silly addNameRange     '2.6.3',
26 silly addNameRange     '2.7.0',
26 silly addNameRange     '2.7.1',
26 silly addNameRange     '2.8.0',
26 silly addNameRange     '2.8.1',
26 silly addNameRange     '2.8.2',
26 silly addNameRange     '2.8.3',
26 silly addNameRange     '3.0.0-beta.1',
26 silly addNameRange     '3.0.0-beta.2',
26 silly addNameRange     '3.0.0-beta.3',
26 silly addNameRange     '3.0.0-beta.4',
26 silly addNameRange     '3.0.0-rc.1',
26 silly addNameRange     '3.0.0-rc.2',
26 silly addNameRange     '3.0.0-rc.3',
26 silly addNameRange     '3.0.0-rc.4',
26 silly addNameRange     '3.0.0',
26 silly addNameRange     '3.0.1' ] ]
27 verbose addNamed hexo@3.0.1
28 silly addNamed semver.valid 3.0.1
29 silly addNamed semver.validRange 3.0.1
30 silly mapToRegistry name hexo
31 silly mapToRegistry using default registry
32 silly mapToRegistry registry https://registry.npmjs.org/
33 silly mapToRegistry uri https://registry.npmjs.org/hexo
34 verbose addRemoteTarball https://registry.npmjs.org/hexo/-/hexo-3.0.1.tgz not in flight; adding
35 verbose addRemoteTarball [ 'https://registry.npmjs.org/hexo/-/hexo-3.0.1.tgz',
35 verbose addRemoteTarball   'f07f6942d4d35f554a590635914f251ee899cbf6' ]
36 info retry fetch attempt 1 at 08:52:52
37 info attempt registry request try #1 at 08:52:52
38 http fetch GET https://registry.npmjs.org/hexo/-/hexo-3.0.1.tgz
39 http fetch 200 https://registry.npmjs.org/hexo/-/hexo-3.0.1.tgz
40 silly fetchAndShaCheck shasum f07f6942d4d35f554a590635914f251ee899cbf6
41 verbose addTmpTarball /var/folders/v4/269h9wfd4sj5z3bgjqjh4n780000gn/T/npm-1531-df541f29/registry.npmjs.org/hexo/-/hexo-3.0.1.tgz not in flight; adding
42 verbose addTmpTarball already have metadata; skipping unpack for hexo@3.0.1
43 silly cache afterAdd hexo@3.0.1
44 verbose afterAdd /Users/baojiwei/.npm/hexo/3.0.1/package/package.json not in flight; writing
45 verbose afterAdd /Users/baojiwei/.npm/hexo/3.0.1/package/package.json written
46 silly install resolved [ { name: 'hexo',
46 silly install resolved     version: '3.0.1',
46 silly install resolved     description: 'A fast, simple & powerful blog framework, powered by Node.js.',
46 silly install resolved     main: 'lib/hexo',
46 silly install resolved     bin: { hexo: './bin/hexo' },
46 silly install resolved     scripts: { test: 'gulp test' },
46 silly install resolved     directories: { lib: './lib', bin: './bin' },
46 silly install resolved     engines: { node: '>= 0.10.0' },
46 silly install resolved     repository: { type: 'git', url: 'https://github.com/hexojs/hexo' },
46 silly install resolved     homepage: 'http://hexo.io/',
46 silly install resolved     keywords: [ 'website', 'blog', 'cms', 'framework', 'hexo' ],
46 silly install resolved     author:
46 silly install resolved      { name: 'Tommy Chen',
46 silly install resolved        email: 'tommy351@gmail.com',
46 silly install resolved        url: 'http://zespia.tw' },
46 silly install resolved     license: 'MIT',
46 silly install resolved     dependencies:
46 silly install resolved      { abbrev: '^1.0.5',
46 silly install resolved        archy: '^1.0.0',
46 silly install resolved        bluebird: '^2.9.8',
46 silly install resolved        bunyan: '^1.3.3',
46 silly install resolved        chalk: '^1.0.0',
46 silly install resolved        cheerio: '^0.19.0',
46 silly install resolved        'hexo-cli': '^0.1.0',
46 silly install resolved        'hexo-front-matter': '^0.2.1',
46 silly install resolved        'hexo-fs': '^0.1.3',
46 silly install resolved        'hexo-i18n': '^0.2.0',
46 silly install resolved        'hexo-util': '^0.1.6',
46 silly install resolved        'js-yaml': '^3.2.5',
46 silly install resolved        lodash: '^3.2.0',
46 silly install resolved        minimatch: '^2.0.1',
46 silly install resolved        moment: '2.9.0',
46 silly install resolved        'moment-timezone': '^0.3.0',
46 silly install resolved        nunjucks: '^1.3.3',
46 silly install resolved        'pretty-hrtime': '^1.0.0',
46 silly install resolved        'strip-indent': '^1.0.0',
46 silly install resolved        swig: '1.4.2',
46 silly install resolved        'swig-extras': '0.0.1',
46 silly install resolved        'text-table': '^0.2.0',
46 silly install resolved        through2: '^1.1.1',
46 silly install resolved        tildify: '^1.0.0',
46 silly install resolved        titlecase: '^1.0.2',
46 silly install resolved        warehouse: '^1.0.0' },
46 silly install resolved     devDependencies:
46 silly install resolved      { chai: '^2.2.0',
46 silly install resolved        coveralls: '^2.11.2',
46 silly install resolved        del: '^1.1.1',
46 silly install resolved        gulp: '^3.8.9',
46 silly install resolved        'gulp-istanbul': '^0.8.1',
46 silly install resolved        'gulp-jshint': '^1.8.6',
46 silly install resolved        'gulp-load-plugins': '^0.9.0',
46 silly install resolved        'gulp-mocha': '^2.0.0',
46 silly install resolved        'hexo-renderer-marked': '^0.2.3',
46 silly install resolved        'jshint-stylish': '^1.0.0',
46 silly install resolved        mocha: '^2.0.1',
46 silly install resolved        sinon: '^1.12.2' },
46 silly install resolved     gitHead: '664a3cf8daa2b91dd65ebfa243c499703ca1ec8f',
46 silly install resolved     bugs: { url: 'https://github.com/hexojs/hexo/issues' },
46 silly install resolved     _id: 'hexo@3.0.1',
46 silly install resolved     _shasum: 'f07f6942d4d35f554a590635914f251ee899cbf6',
46 silly install resolved     _from: 'hexo@*',
46 silly install resolved     _npmVersion: '2.5.1',
46 silly install resolved     _nodeVersion: '0.12.0',
46 silly install resolved     _npmUser: { name: 'tommy351', email: 'tommy351@gmail.com' },
46 silly install resolved     maintainers: [ [Object] ],
46 silly install resolved     dist:
46 silly install resolved      { shasum: 'f07f6942d4d35f554a590635914f251ee899cbf6',
46 silly install resolved        tarball: 'http://registry.npmjs.org/hexo/-/hexo-3.0.1.tgz' },
46 silly install resolved     _resolved: 'https://registry.npmjs.org/hexo/-/hexo-3.0.1.tgz' } ]
47 info install hexo@3.0.1 into /usr/local/lib
48 info installOne hexo@3.0.1
49 verbose installOne of hexo to /usr/local/lib not in flight; installing
50 verbose lock using /Users/baojiwei/.npm/_locks/hexo-eabe9ea76eaf84ee.lock for /usr/local/lib/node_modules/hexo
51 silly install write writing hexo 3.0.1 to /usr/local/lib/node_modules/hexo
52 silly cache addNamed cb hexo@3.0.1
53 verbose unbuild lib/node_modules/hexo
54 silly gentlyRm /usr/local/lib/node_modules/hexo is being purged from base /usr/local
55 verbose gentlyRm don't care about contents; nuking /usr/local/lib/node_modules/hexo
56 verbose tar unpack /Users/baojiwei/.npm/hexo/3.0.1/package.tgz
57 verbose tar unpacking to /usr/local/lib/node_modules/hexo
58 silly gentlyRm /usr/local/lib/node_modules/hexo is being purged
59 verbose gentlyRm don't care about contents; nuking /usr/local/lib/node_modules/hexo
60 silly gunzTarPerm modes [ '755', '644' ]
61 error tar.unpack untar error /Users/baojiwei/.npm/hexo/3.0.1/package.tgz
62 verbose unlock done using /Users/baojiwei/.npm/_locks/hexo-eabe9ea76eaf84ee.lock for /usr/local/lib/node_modules/hexo
63 verbose fstream_path /usr/local/lib/node_modules/hexo
64 verbose fstream_type Directory
65 verbose fstream_class DirWriter
66 verbose stack Error: EACCES, mkdir '/usr/local/lib/node_modules/hexo'
66 verbose stack     at Error (native)
67 verbose fstream_stack /usr/local/lib/node_modules/npm/node_modules/fstream/lib/dir-writer.js:36:23
67 verbose fstream_stack /usr/local/lib/node_modules/npm/node_modules/mkdirp/index.js:46:53
67 verbose fstream_stack FSReqWrap.oncomplete (fs.js:95:15)
68 verbose cwd /Users/baojiwei/Code/urllib
69 error Darwin 14.1.0
70 error argv "node" "/usr/local/bin/npm" "install" "-g" "hexo"
71 error node v0.12.2
72 error npm  v2.7.4
73 error path /usr/local/lib/node_modules/hexo
74 error code EACCES
75 error errno -13
76 error Error: EACCES, mkdir '/usr/local/lib/node_modules/hexo'
76 error     at Error (native)
76 error  { [Error: EACCES, mkdir '/usr/local/lib/node_modules/hexo']
76 error   errno: -13,
76 error   code: 'EACCES',
76 error   path: '/usr/local/lib/node_modules/hexo',
76 error   fstream_type: 'Directory',
76 error   fstream_path: '/usr/local/lib/node_modules/hexo',
76 error   fstream_class: 'DirWriter',
76 error   fstream_stack:
76 error    [ '/usr/local/lib/node_modules/npm/node_modules/fstream/lib/dir-writer.js:36:23',
76 error      '/usr/local/lib/node_modules/npm/node_modules/mkdirp/index.js:46:53',
76 error      'FSReqWrap.oncomplete (fs.js:95:15)' ] }
77 error Please try running this command again as root/Administrator.
78 verbose exit [ -13, true ]
79 verbose unbuild lib/node_modules/hexo
80 silly gentlyRm /usr/local/lib/node_modules/hexo is being purged from base /usr/local
81 verbose gentlyRm don't care about contents; nuking /usr/local/lib/node_modules/hexo
